<?xml version="1.0" encoding="UTF-8"?>
<!-- Generated by org.testng.reporters.JUnitXMLReporter -->
<testsuite ignored="0" hostname="DESKTOP-MEJGR9B" failures="0" tests="1" name="BankingApp Test" time="0.171" errors="0" timestamp="2020-07-28T23:01:35 IST">
  <testcase classname="com.inetBanking.TestCases.BaseClass" name="@BeforeClass setUp" time="-1.595957495756E9">
    <failure type="org.testng.TestNGException" message="
Parameter &amp;apos;broswer&amp;apos; is required by BeforeClass on method setUp but has not been marked @Optional or defined
in C:\Users\rajku\eclipse-workspace\inetBankingV1\testng.xml">
      <![CDATA[org.testng.TestNGException: 
Parameter 'broswer' is required by BeforeClass on method setUp but has not been marked @Optional or defined
in C:\Users\rajku\eclipse-workspace\inetBankingV1\testng.xml
at java.base/java.util.ArrayList.forEach(ArrayList.java:1507)
... Removed 22 stack frames]]>
    </failure>
  </testcase> <!-- @BeforeClass setUp -->
  <testcase classname="com.inetBanking.TestCases.BaseClass" name="@AfterClass tearDown" time="-1.595957495787E9">
    <skipped/>
  </testcase> <!-- @AfterClass tearDown -->
  <testcase classname="com.inetBanking.TestCases.TC_LoginTest_001" name="logInTest" time="0.0">
    <skipped/>
  </testcase> <!-- logInTest -->
</testsuite> <!-- BankingApp Test -->
